[2011-08-29 16:30:25,638] [main] [INFO ] PushServer start... version 0.9 Beta Build 20110829-01
[2011-08-29 16:30:25,641] [Thread-2] [INFO ] Processor start running now...
[2011-08-29 16:30:25,641] [Thread-3] [INFO ] Processor start running now...
[2011-08-29 16:30:25,642] [Thread-5] [INFO ] Processor start running now...
[2011-08-29 16:30:25,642] [Thread-4] [INFO ] Processor start running now...
[2011-08-29 16:30:25,642] [Thread-6] [INFO ] Processor start running now...
[2011-08-29 16:30:25,642] [Thread-7] [INFO ] reset all running message.
[2011-08-29 16:30:25,674] [Thread-2] [INFO ] Processing request = PushMessageRequest [pushMessage={_id=4e5b4c917e6d0aba9056ede3, device_token=a5bdd473afd091e9537aeef306a3a2992be9c11f4a198532c991be55d59eafe2, p_id=4e574de9d6e34bac536644f3, p_iphone=有满足您需求的团购推荐了！【大众点评团】 尚村私家菜!仅售69元,价值237元双人套餐!别具匠心用餐环境,透出时尚与浪漫,悠扬琴声环绕中,静心品味精致与细腻!, p_status=1, s_date=Mon Aug 29 16:23:45 CST 2011, type=1, user_id=4e5355560364950fcb95449a}]
[2011-08-29 16:30:25,674] [Thread-3] [INFO ] Processing request = PushMessageRequest [pushMessage={_id=4e5b4c917e6d0aba9056ede5, device_token=a5bdd473afd091e9537aeef306a3a2992be9c11f4a198532c991be55d59eafe2, p_id=4e574e03d6e3c3852badd0b1, p_iphone=有满足您需求的团购推荐了！【大众点评团】 三仁行法国西餐厅!仅售198元,价值720元双人套餐!正宗法式餐厅,法国蓝带奖大厨,品法式名菜,赏小蛮腰夜景,与TA共..., p_status=1, s_date=Mon Aug 29 16:23:45 CST 2011, type=1, user_id=4e5355560364950fcb95449a}]
[2011-08-29 16:30:25,703] [Thread-2] [INFO ] try to open connection on url =https://go.urbanairship.com/api/push/
[2011-08-29 16:30:25,703] [Thread-3] [INFO ] try to open connection on url =https://go.urbanairship.com/api/push/
[2011-08-29 16:30:25,833] [Thread-3] [INFO ] send request to urbanairship, URL=https://go.urbanairship.com/api/push/, JSON data={"device_tokens":["a5bdd473afd091e9537aeef306a3a2992be9c11f4a198532c991be55d59eafe2"],"aps":{"sound":"default","alert":"有满足您需求的团购推荐了！【大众点评团】 三仁行法国西餐厅!仅售198元,价值720元双人套餐!正宗法式餐厅,法国蓝带奖大厨,品法式名菜,赏小蛮腰夜景,与TA共...","p":"4e574e03d6e3c3852badd0b1"}}
[2011-08-29 16:30:25,833] [Thread-2] [INFO ] send request to urbanairship, URL=https://go.urbanairship.com/api/push/, JSON data={"device_tokens":["a5bdd473afd091e9537aeef306a3a2992be9c11f4a198532c991be55d59eafe2"],"aps":{"sound":"default","alert":"有满足您需求的团购推荐了！【大众点评团】 尚村私家菜!仅售69元,价值237元双人套餐!别具匠心用餐环境,透出时尚与浪漫,悠扬琴声环绕中,静心品味精致与细腻!","p":"4e574de9d6e34bac536644f3"}}
[2011-08-29 16:30:27,080] [Thread-3] [INFO ] receive response code=400, response message=BAD REQUEST
[2011-08-29 16:30:27,090] [Thread-2] [INFO ] receive response code=400, response message=BAD REQUEST
[2011-08-29 16:35:20,995] [main] [INFO ] PushServer start... version 0.9 Beta Build 20110829-01
[2011-08-29 16:35:21,011] [Thread-5] [INFO ] Processor start running now...
[2011-08-29 16:35:21,011] [Thread-2] [INFO ] Processor start running now...
[2011-08-29 16:35:21,011] [Thread-4] [INFO ] Processor start running now...
[2011-08-29 16:35:21,011] [Thread-3] [INFO ] Processor start running now...
[2011-08-29 16:35:21,011] [Thread-6] [INFO ] Processor start running now...
[2011-08-29 16:35:21,011] [Thread-7] [INFO ] reset all running message.
[2011-08-29 16:36:34,746] [main] [INFO ] PushServer start... version 0.9 Beta Build 20110829-01
[2011-08-29 16:36:34,749] [Thread-2] [INFO ] Processor start running now...
[2011-08-29 16:36:34,750] [Thread-3] [INFO ] Processor start running now...
[2011-08-29 16:36:34,750] [Thread-4] [INFO ] Processor start running now...
[2011-08-29 16:36:34,750] [Thread-7] [INFO ] reset all running message.
[2011-08-29 16:36:34,750] [Thread-5] [INFO ] Processor start running now...
[2011-08-29 16:36:34,750] [Thread-6] [INFO ] Processor start running now...
[2011-08-29 16:36:34,781] [Thread-2] [INFO ] Processing request = PushMessageRequest [pushMessage={_id=4e5b4f7d7e6d0aba9056ede7, device_token=a5bdd473afd091e9537aeef306a3a2992be9c11f4a198532c991be55d59eafe2, p_id=4e59d6b96aff0c9eed933212, p_iphone=有满足您需求的团购推荐了！【窝窝团】 温馨时刻，浪漫与TA！仅79元，享原价302元港湾西餐厅浪漫豪华双人套餐：特级牛仔骨2份（共600g）+茄汁烩意粉2份+法..., p_status=1, s_date=Mon Aug 29 16:36:13 CST 2011, type=1, user_id=4e5355560364950fcb95449a}]
[2011-08-29 16:36:34,782] [Thread-3] [INFO ] Processing request = PushMessageRequest [pushMessage={_id=4e5b4f7d7e6d0aba9056ede6, device_token=a5bdd473afd091e9537aeef306a3a2992be9c11f4a198532c991be55d59eafe2, p_id=4e574de9d6e34bac536644e7, p_iphone=有满足您需求的团购推荐了！【大众点评团】 唐人街海鲜自助餐厅!仅售88元,价值168元海鲜自助餐!500余种世界美食,触摸繁华气息,点燃甜蜜氛围!另赠价值50元..., p_status=1, s_date=Mon Aug 29 16:36:13 CST 2011, type=1, user_id=4e5355560364950fcb95449a}]
[2011-08-29 16:36:34,810] [Thread-2] [INFO ] try to open connection on url =https://go.urbanairship.com/api/push/
[2011-08-29 16:36:34,813] [Thread-3] [INFO ] try to open connection on url =https://go.urbanairship.com/api/push/
[2011-08-29 16:36:34,939] [Thread-3] [INFO ] send request to urbanairship, URL=https://go.urbanairship.com/api/push/, JSON data={"device_tokens":["a5bdd473afd091e9537aeef306a3a2992be9c11f4a198532c991be55d59eafe2"],"aps":{"sound":"default","alert":"有满足您需求的团购推荐了！【大众点评团】 唐人街海鲜自助餐厅!仅售88元,价值168元海鲜自助餐!500余种世界美食,触摸繁华气息,点燃甜蜜氛围!另赠价值50元...","p":"4e574de9d6e34bac536644e7"}}
[2011-08-29 16:36:34,939] [Thread-2] [INFO ] send request to urbanairship, URL=https://go.urbanairship.com/api/push/, JSON data={"device_tokens":["a5bdd473afd091e9537aeef306a3a2992be9c11f4a198532c991be55d59eafe2"],"aps":{"sound":"default","alert":"有满足您需求的团购推荐了！【窝窝团】 温馨时刻，浪漫与TA！仅79元，享原价302元港湾西餐厅浪漫豪华双人套餐：特级牛仔骨2份（共600g）+茄汁烩意粉2份+法...","p":"4e59d6b96aff0c9eed933212"}}
[2011-08-29 16:36:36,351] [Thread-3] [INFO ] receive response code=400, response message=BAD REQUEST
[2011-08-29 16:36:36,565] [Thread-2] [INFO ] receive response code=400, response message=BAD REQUEST
[2011-08-29 16:38:17,136] [main] [INFO ] PushServer start... version 0.9 Beta Build 20110829-01
[2011-08-29 16:38:17,151] [Thread-2] [INFO ] Processor start running now...
[2011-08-29 16:38:17,151] [Thread-6] [INFO ] Processor start running now...
[2011-08-29 16:38:17,151] [Thread-3] [INFO ] Processor start running now...
[2011-08-29 16:38:17,151] [Thread-4] [INFO ] Processor start running now...
[2011-08-29 16:38:17,151] [Thread-5] [INFO ] Processor start running now...
[2011-08-29 16:38:17,151] [Thread-7] [INFO ] reset all running message.
[2011-08-29 16:38:17,182] [Thread-2] [INFO ] Processing request = PushMessageRequest [pushMessage={_id=4e5b4ff07e6d0aba9056ede9, device_token=a5bdd473afd091e9537aeef306a3a2992be9c11f4a198532c991be55d59eafe2, p_id=4e574de9d6e34bac536644f3, p_iphone=有满足您需求的团购推荐了！【大众点评团】 尚村私家菜!仅售69元,价值237元双人套餐!别具匠心用餐环境,透出时尚与浪漫,悠扬琴声环绕中,静心品味精致与细腻!, p_status=1, s_date=Mon Aug 29 16:38:08 CST 2011, type=1, user_id=4e5355560364950fcb95449a}]
[2011-08-29 16:38:17,198] [Thread-6] [INFO ] Processing request = PushMessageRequest [pushMessage={_id=4e5b4ff07e6d0aba9056edeb, device_token=a5bdd473afd091e9537aeef306a3a2992be9c11f4a198532c991be55d59eafe2, p_id=4e574e03d6e3c3852badd0b1, p_iphone=有满足您需求的团购推荐了！【大众点评团】 三仁行法国西餐厅!仅售198元,价值720元双人套餐!正宗法式餐厅,法国蓝带奖大厨,品法式名菜,赏小蛮腰夜景,与TA共..., p_status=1, s_date=Mon Aug 29 16:38:08 CST 2011, type=1, user_id=4e5355560364950fcb95449a}]
[2011-08-29 16:38:17,214] [Thread-2] [INFO ] try to open connection on url =https://go.urbanairship.com/api/push/
[2011-08-29 16:38:17,229] [Thread-6] [INFO ] try to open connection on url =https://go.urbanairship.com/api/push/
[2011-08-29 16:38:17,338] [Thread-2] [INFO ] send request to urbanairship, URL=https://go.urbanairship.com/api/push/, JSON data={"device_tokens":["a5bdd473afd091e9537aeef306a3a2992be9c11f4a198532c991be55d59eafe2"],"aps":{"sound":"default","alert":"有满足您需求的团购推荐了！【大众点评团】 尚村私家菜!仅售69元,价值237元双人套餐!别具匠心用餐环境,透出时尚与浪漫,悠扬琴声环绕中,静心品味精致与细腻!","p":"4e574de9d6e34bac536644f3"}}
[2011-08-29 16:38:17,338] [Thread-6] [INFO ] send request to urbanairship, URL=https://go.urbanairship.com/api/push/, JSON data={"device_tokens":["a5bdd473afd091e9537aeef306a3a2992be9c11f4a198532c991be55d59eafe2"],"aps":{"sound":"default","alert":"有满足您需求的团购推荐了！【大众点评团】 三仁行法国西餐厅!仅售198元,价值720元双人套餐!正宗法式餐厅,法国蓝带奖大厨,品法式名菜,赏小蛮腰夜景,与TA共...","p":"4e574e03d6e3c3852badd0b1"}}
[2011-08-29 16:38:18,619] [Thread-6] [INFO ] receive response code=400, response message=BAD REQUEST
[2011-08-29 16:38:18,619] [Thread-2] [INFO ] receive response code=400, response message=BAD REQUEST
[2011-08-29 16:43:59,098] [main] [INFO ] PushServer start... version 0.9 Beta Build 20110829-01
[2011-08-29 16:43:59,098] [Thread-3] [INFO ] Processor start running now...
[2011-08-29 16:43:59,098] [Thread-6] [INFO ] Processor start running now...
[2011-08-29 16:43:59,098] [Thread-2] [INFO ] Processor start running now...
[2011-08-29 16:43:59,098] [Thread-4] [INFO ] Processor start running now...
[2011-08-29 16:43:59,098] [Thread-5] [INFO ] Processor start running now...
[2011-08-29 16:43:59,098] [Thread-7] [INFO ] reset all running message.
[2011-08-29 16:43:59,129] [Thread-3] [INFO ] Processing request = PushMessageRequest [pushMessage={_id=4e5b51457e6d0aba9056eded, device_token=a5bdd473afd091e9537aeef306a3a2992be9c11f4a198532c991be55d59eafe2, p_id=4e574de9d6e34bac536644f3, p_iphone=有满足您需求的团购推荐了！【大众点评团】 尚村私家菜!仅售69元,价值237元双人套餐!别具匠心用餐环境,透出时尚与浪漫..., p_status=1, s_date=Mon Aug 29 16:43:49 CST 2011, type=1, user_id=4e5355560364950fcb95449a}]
[2011-08-29 16:43:59,129] [Thread-6] [INFO ] Processing request = PushMessageRequest [pushMessage={_id=4e5b51457e6d0aba9056edef, device_token=a5bdd473afd091e9537aeef306a3a2992be9c11f4a198532c991be55d59eafe2, p_id=4e574e03d6e3c3852badd0b1, p_iphone=有满足您需求的团购推荐了！【大众点评团】 三仁行法国西餐厅!仅售198元,价值720元双人套餐!正宗法式餐厅,法国蓝带奖..., p_status=1, s_date=Mon Aug 29 16:43:49 CST 2011, type=1, user_id=4e5355560364950fcb95449a}]
[2011-08-29 16:43:59,160] [Thread-3] [INFO ] try to open connection on url =https://go.urbanairship.com/api/push/
[2011-08-29 16:43:59,176] [Thread-6] [INFO ] try to open connection on url =https://go.urbanairship.com/api/push/
[2011-08-29 16:43:59,285] [Thread-6] [INFO ] send request to urbanairship, URL=https://go.urbanairship.com/api/push/, JSON data={"device_tokens":["a5bdd473afd091e9537aeef306a3a2992be9c11f4a198532c991be55d59eafe2"],"aps":{"sound":"default","alert":"有满足您需求的团购推荐了！【大众点评团】 三仁行法国西餐厅!仅售198元,价值720元双人套餐!正宗法式餐厅,法国蓝带奖...","p":"4e574e03d6e3c3852badd0b1"}}
[2011-08-29 16:43:59,285] [Thread-3] [INFO ] send request to urbanairship, URL=https://go.urbanairship.com/api/push/, JSON data={"device_tokens":["a5bdd473afd091e9537aeef306a3a2992be9c11f4a198532c991be55d59eafe2"],"aps":{"sound":"default","alert":"有满足您需求的团购推荐了！【大众点评团】 尚村私家菜!仅售69元,价值237元双人套餐!别具匠心用餐环境,透出时尚与浪漫...","p":"4e574de9d6e34bac536644f3"}}
[2011-08-29 16:44:00,550] [Thread-3] [INFO ] receive response code=200, response message=OK
[2011-08-29 16:44:00,565] [Thread-6] [INFO ] receive response code=200, response message=OK
[2011-08-29 16:44:40,683] [main] [INFO ] PushServer start... version 0.9 Beta Build 20110829-01
[2011-08-29 16:44:40,683] [Thread-2] [INFO ] Processor start running now...
[2011-08-29 16:44:40,683] [Thread-4] [INFO ] Processor start running now...
[2011-08-29 16:44:40,683] [Thread-3] [INFO ] Processor start running now...
[2011-08-29 16:44:40,699] [Thread-5] [INFO ] Processor start running now...
[2011-08-29 16:44:40,699] [Thread-7] [INFO ] reset all running message.
[2011-08-29 16:44:40,699] [Thread-6] [INFO ] Processor start running now...
[2011-08-29 16:44:40,730] [Thread-2] [INFO ] Processing request = PushMessageRequest [pushMessage={_id=4e5b51707e6d0aba9056edf0, device_token=a5bdd473afd091e9537aeef306a3a2992be9c11f4a198532c991be55d59eafe2, p_id=4e574de9d6e34bac536644e7, p_iphone=有满足您需求的团购推荐了！【大众点评团】 唐人街海鲜自助餐厅!仅售88元,价值168元海鲜自助餐!500余种世界美食,触摸繁华气息,点燃甜蜜..., p_status=1, s_date=Mon Aug 29 16:44:32 CST 2011, type=1, user_id=4e5355560364950fcb95449a}]
[2011-08-29 16:44:40,730] [Thread-4] [INFO ] Processing request = PushMessageRequest [pushMessage={_id=4e5b51707e6d0aba9056edf1, device_token=a5bdd473afd091e9537aeef306a3a2992be9c11f4a198532c991be55d59eafe2, p_id=4e59d6b96aff0c9eed933212, p_iphone=有满足您需求的团购推荐了！【窝窝团】 温馨时刻，浪漫与TA！仅79元，享原价302元港湾西餐厅浪漫豪华双人套餐：特级牛仔骨2份（共600g）..., p_status=1, s_date=Mon Aug 29 16:44:32 CST 2011, type=1, user_id=4e5355560364950fcb95449a}]
[2011-08-29 16:44:40,746] [Thread-4] [INFO ] try to open connection on url =https://go.urbanairship.com/api/push/
[2011-08-29 16:44:40,746] [Thread-2] [INFO ] try to open connection on url =https://go.urbanairship.com/api/push/
[2011-08-29 16:44:40,886] [Thread-2] [INFO ] send request to urbanairship, URL=https://go.urbanairship.com/api/push/, JSON data={"device_tokens":["a5bdd473afd091e9537aeef306a3a2992be9c11f4a198532c991be55d59eafe2"],"aps":{"sound":"default","alert":"有满足您需求的团购推荐了！【大众点评团】 唐人街海鲜自助餐厅!仅售88元,价值168元海鲜自助餐!500余种世界美食,触摸繁华气息,点燃甜蜜...","p":"4e574de9d6e34bac536644e7"}}
[2011-08-29 16:44:40,886] [Thread-4] [INFO ] send request to urbanairship, URL=https://go.urbanairship.com/api/push/, JSON data={"device_tokens":["a5bdd473afd091e9537aeef306a3a2992be9c11f4a198532c991be55d59eafe2"],"aps":{"sound":"default","alert":"有满足您需求的团购推荐了！【窝窝团】 温馨时刻，浪漫与TA！仅79元，享原价302元港湾西餐厅浪漫豪华双人套餐：特级牛仔骨2份（共600g）...","p":"4e59d6b96aff0c9eed933212"}}
[2011-08-29 16:44:42,119] [Thread-2] [INFO ] receive response code=200, response message=OK
[2011-08-29 16:44:42,135] [Thread-4] [INFO ] receive response code=200, response message=OK
